<?xml version="1.0" encoding="UTF-8"?>
<coverage generated="1631578116836" clover="3.2.0">
  <project timestamp="1631578116836" name="All files">
    <metrics statements="9" coveredstatements="9" conditionals="16" coveredconditionals="12" methods="4" coveredmethods="4" elements="29" coveredelements="25" complexity="0" loc="9" ncloc="9" packages="1" files="1" classes="1"/>
    <file name="functions.js" path="C:\Users\Cermait\Desktop\Desfio22\src\functions.js">
      <metrics statements="9" coveredstatements="9" conditionals="16" coveredconditionals="12" methods="4" coveredmethods="4"/>
      <line num="2" count="3" type="cond" truecount="3" falsecount="1"/>
      <line num="3" count="3" type="stmt"/>
      <line num="8" count="2" type="cond" truecount="3" falsecount="1"/>
      <line num="9" count="2" type="stmt"/>
      <line num="14" count="2" type="cond" truecount="3" falsecount="1"/>
      <line num="15" count="2" type="stmt"/>
      <line num="21" count="2" type="cond" truecount="3" falsecount="1"/>
      <line num="22" count="2" type="stmt"/>
      <line num="27" count="1" type="stmt"/>
    </file>
  </project>
</coverage>
