{"C:\\Users\\Cermait\\Desktop\\Desfio22\\src\\functions.js": {"path":"C:\\Users\\Cermait\\Desktop\\Desfio22\\src\\functions.js","statementMap":{"0":{"start":{"line":2,"column":4},"end":{"line":4,"column":5}},"1":{"start":{"line":3,"column":8},"end":{"line":3,"column":21}},"2":{"start":{"line":8,"column":4},"end":{"line":10,"column":5}},"3":{"start":{"line":9,"column":8},"end":{"line":9,"column":21}},"4":{"start":{"line":14,"column":4},"end":{"line":16,"column":5}},"5":{"start":{"line":15,"column":8},"end":{"line":15,"column":21}},"6":{"start":{"line":21,"column":4},"end":{"line":23,"column":5}},"7":{"start":{"line":22,"column":8},"end":{"line":22,"column":21}},"8":{"start":{"line":27,"column":0},"end":{"line":27,"column":54}}},"fnMap":{"0":{"name":"suma","decl":{"start":{"line":1,"column":9},"end":{"line":1,"column":13}},"loc":{"start":{"line":1,"column":20},"end":{"line":5,"column":1}},"line":1},"1":{"name":"resta","decl":{"start":{"line":7,"column":9},"end":{"line":7,"column":14}},"loc":{"start":{"line":7,"column":21},"end":{"line":11,"column":1}},"line":7},"2":{"name":"multiplicar","decl":{"start":{"line":13,"column":9},"end":{"line":13,"column":20}},"loc":{"start":{"line":13,"column":27},"end":{"line":17,"column":1}},"line":13},"3":{"name":"dividir","decl":{"start":{"line":20,"column":9},"end":{"line":20,"column":16}},"loc":{"start":{"line":20,"column":23},"end":{"line":24,"column":1}},"line":20}},"branchMap":{"0":{"loc":{"start":{"line":2,"column":4},"end":{"line":4,"column":5}},"type":"if","locations":[{"start":{"line":2,"column":4},"end":{"line":4,"column":5}},{"start":{"line":2,"column":4},"end":{"line":4,"column":5}}],"line":2},"1":{"loc":{"start":{"line":2,"column":8},"end":{"line":2,"column":41}},"type":"binary-expr","locations":[{"start":{"line":2,"column":8},"end":{"line":2,"column":16}},{"start":{"line":2,"column":20},"end":{"line":2,"column":41}}],"line":2},"2":{"loc":{"start":{"line":8,"column":4},"end":{"line":10,"column":5}},"type":"if","locations":[{"start":{"line":8,"column":4},"end":{"line":10,"column":5}},{"start":{"line":8,"column":4},"end":{"line":10,"column":5}}],"line":8},"3":{"loc":{"start":{"line":8,"column":8},"end":{"line":8,"column":41}},"type":"binary-expr","locations":[{"start":{"line":8,"column":8},"end":{"line":8,"column":16}},{"start":{"line":8,"column":20},"end":{"line":8,"column":41}}],"line":8},"4":{"loc":{"start":{"line":14,"column":4},"end":{"line":16,"column":5}},"type":"if","locations":[{"start":{"line":14,"column":4},"end":{"line":16,"column":5}},{"start":{"line":14,"column":4},"end":{"line":16,"column":5}}],"line":14},"5":{"loc":{"start":{"line":14,"column":8},"end":{"line":14,"column":41}},"type":"binary-expr","locations":[{"start":{"line":14,"column":8},"end":{"line":14,"column":16}},{"start":{"line":14,"column":20},"end":{"line":14,"column":41}}],"line":14},"6":{"loc":{"start":{"line":21,"column":4},"end":{"line":23,"column":5}},"type":"if","locations":[{"start":{"line":21,"column":4},"end":{"line":23,"column":5}},{"start":{"line":21,"column":4},"end":{"line":23,"column":5}}],"line":21},"7":{"loc":{"start":{"line":21,"column":8},"end":{"line":21,"column":41}},"type":"binary-expr","locations":[{"start":{"line":21,"column":8},"end":{"line":21,"column":16}},{"start":{"line":21,"column":20},"end":{"line":21,"column":41}}],"line":21}},"s":{"0":3,"1":3,"2":2,"3":2,"4":2,"5":2,"6":2,"7":2,"8":1},"f":{"0":3,"1":2,"2":2,"3":2},"b":{"0":[3,0],"1":[3,3],"2":[2,0],"3":[2,2],"4":[2,0],"5":[2,2],"6":[2,0],"7":[2,2]},"_coverageSchema":"1a1c01bbd47fc00a2c39e90264f33305004495a9","hash":"dec0a771518c7536a64161fefe5e86a1d1564609"}
}
